Build started 10/02/2016 19:46:03.
     1>Project "C:\Users\Joshua\Downloads\TinyRay(1)\TinyRay\TinyRay\TinyRay.vcxproj" on node 2 (Build target(s)).
     1>ClCompile:
         C:\Program Files (x86)\Microsoft Visual Studio 14.0\VC\bin\CL.exe /c /ZI /nologo /W3 /WX- /sdl /Od /Oy- /D WIN32 /D _DEBUG /D _WINDOWS /D _UNICODE /D UNICODE /Gm /EHsc /RTC1 /MDd /GS /fp:precise /Zc:wchar_t /Zc:forScope /Zc:inline /Fo"Debug\\" /Fd"Debug\vc140.pdb" /Gd /TP /analyze- /errorReport:prompt RayTracer.cpp
         RayTracer.cpp
     1>c:\users\joshua\downloads\tinyray(1)\tinyray\tinyray\raytracer.cpp(28): warning C4244: '=': conversion from 'double' to 'int', possible loss of data
     1>c:\users\joshua\downloads\tinyray(1)\tinyray\tinyray\raytracer.cpp(135): warning C4101: 'reflection': unreferenced local variable
     1>c:\users\joshua\downloads\tinyray(1)\tinyray\tinyray\raytracer.cpp(216): warning C4244: 'initializing': conversion from 'double' to 'int', possible loss of data
     1>c:\users\joshua\downloads\tinyray(1)\tinyray\tinyray\raytracer.cpp(217): warning C4244: 'initializing': conversion from 'double' to 'int', possible loss of data
     1>c:\users\joshua\downloads\tinyray(1)\tinyray\tinyray\raytracer.cpp(218): warning C4244: 'initializing': conversion from 'double' to 'int', possible loss of data
     1>c:\users\joshua\downloads\tinyray(1)\tinyray\tinyray\raytracer.cpp(256): warning C4244: '=': conversion from 'double' to 'float', possible loss of data
     1>c:\users\joshua\downloads\tinyray(1)\tinyray\tinyray\raytracer.cpp(257): warning C4244: '=': conversion from 'double' to 'float', possible loss of data
     1>c:\users\joshua\downloads\tinyray(1)\tinyray\tinyray\raytracer.cpp(263): warning C4244: '=': conversion from 'double' to 'float', possible loss of data
     1>c:\users\joshua\downloads\tinyray(1)\tinyray\tinyray\raytracer.cpp(264): warning C4244: '=': conversion from 'double' to 'float', possible loss of data
     1>c:\users\joshua\downloads\tinyray(1)\tinyray\tinyray\raytracer.cpp(265): warning C4244: '=': conversion from 'double' to 'float', possible loss of data
       Link:
         C:\Program Files (x86)\Microsoft Visual Studio 14.0\VC\bin\link.exe /ERRORREPORT:PROMPT /OUT:"C:\Users\Joshua\Downloads\TinyRay(1)\TinyRay\Debug\TinyRay.exe" /INCREMENTAL /NOLOGO kernel32.lib user32.lib gdi32.lib winspool.lib comdlg32.lib advapi32.lib shell32.lib ole32.lib oleaut32.lib uuid.lib odbc32.lib odbccp32.lib /MANIFEST /MANIFESTUAC:"level='asInvoker' uiAccess='false'" /manifest:embed /Debug /PDB:"C:\Users\Joshua\Downloads\TinyRay(1)\TinyRay\Debug\TinyRay.pdb" /SUBSYSTEM:WINDOWS /TLBID:1 /DYNAMICBASE /NXCOMPAT /IMPLIB:"C:\Users\Joshua\Downloads\TinyRay(1)\TinyRay\Debug\TinyRay.lib" /MACHINE:X86 Debug\TinyRay.res
         Debug\Box.obj
         Debug\Camera.obj
         Debug\Light.obj
         Debug\Material.obj
         Debug\OGLApplication.obj
         Debug\OGLWindow.obj
         Debug\Plane.obj
         Debug\Ray.obj
         Debug\RayTracer.obj
         Debug\Scene.obj
         Debug\Sphere.obj
         Debug\TinyRayMain.obj
         Debug\Triangle.obj
         Debug\Vector4D.obj
         TinyRay.vcxproj -> C:\Users\Joshua\Downloads\TinyRay(1)\TinyRay\Debug\TinyRay.exe
     1>Done Building Project "C:\Users\Joshua\Downloads\TinyRay(1)\TinyRay\TinyRay\TinyRay.vcxproj" (Build target(s)).

Build succeeded.

Time Elapsed 00:00:03.54
